This is pdfTeX, Version 3.14159265-2.6-1.40.18 (TeX Live 2017) (preloaded format=pdflatex 2017.9.6)  26 FEB 2018 15:53
entering extended mode
 restricted \write18 enabled.
 %&-line parsing enabled.
**lab_book.tex
(./lab_book.tex
LaTeX2e <2017-04-15>
Babel <3.10> and hyphenation patterns for 84 language(s) loaded.
(/usr/local/texlive/2017/texmf-dist/tex/latex/base/report.cls
Document Class: report 2014/09/29 v1.4h Standard LaTeX document class
(/usr/local/texlive/2017/texmf-dist/tex/latex/base/size10.clo
File: size10.clo 2014/09/29 v1.4h Standard LaTeX file (size option)
)
\c@part=\count79
\c@chapter=\count80
\c@section=\count81
\c@subsection=\count82
\c@subsubsection=\count83
\c@paragraph=\count84
\c@subparagraph=\count85
\c@figure=\count86
\c@table=\count87
\abovecaptionskip=\skip41
\belowcaptionskip=\skip42
\bibindent=\dimen102
)
(/usr/local/texlive/2017/texmf-dist/tex/latex/base/inputenc.sty
Package: inputenc 2015/03/17 v1.2c Input encoding file
\inpenc@prehook=\toks14
\inpenc@posthook=\toks15

(/usr/local/texlive/2017/texmf-dist/tex/latex/base/utf8.def
File: utf8.def 2017/01/28 v1.1t UTF-8 support for inputenc
Now handling font encoding OML ...
... no UTF-8 mapping file for font encoding OML
Now handling font encoding T1 ...
... processing UTF-8 mapping file for font encoding T1

(/usr/local/texlive/2017/texmf-dist/tex/latex/base/t1enc.dfu
File: t1enc.dfu 2017/01/28 v1.1t UTF-8 support for inputenc
   defining Unicode char U+00A0 (decimal 160)
   defining Unicode char U+00A1 (decimal 161)
   defining Unicode char U+00A3 (decimal 163)
   defining Unicode char U+00AB (decimal 171)
   defining Unicode char U+00AD (decimal 173)
   defining Unicode char U+00BB (decimal 187)
   defining Unicode char U+00BF (decimal 191)
   defining Unicode char U+00C0 (decimal 192)
   defining Unicode char U+00C1 (decimal 193)
   defining Unicode char U+00C2 (decimal 194)
   defining Unicode char U+00C3 (decimal 195)
   defining Unicode char U+00C4 (decimal 196)
   defining Unicode char U+00C5 (decimal 197)
   defining Unicode char U+00C6 (decimal 198)
   defining Unicode char U+00C7 (decimal 199)
   defining Unicode char U+00C8 (decimal 200)
   defining Unicode char U+00C9 (decimal 201)
   defining Unicode char U+00CA (decimal 202)
   defining Unicode char U+00CB (decimal 203)
   defining Unicode char U+00CC (decimal 204)
   defining Unicode char U+00CD (decimal 205)
   defining Unicode char U+00CE (decimal 206)
   defining Unicode char U+00CF (decimal 207)
   defining Unicode char U+00D0 (decimal 208)
   defining Unicode char U+00D1 (decimal 209)
   defining Unicode char U+00D2 (decimal 210)
   defining Unicode char U+00D3 (decimal 211)
   defining Unicode char U+00D4 (decimal 212)
   defining Unicode char U+00D5 (decimal 213)
   defining Unicode char U+00D6 (decimal 214)
   defining Unicode char U+00D8 (decimal 216)
   defining Unicode char U+00D9 (decimal 217)
   defining Unicode char U+00DA (decimal 218)
   defining Unicode char U+00DB (decimal 219)
   defining Unicode char U+00DC (decimal 220)
   defining Unicode char U+00DD (decimal 221)
   defining Unicode char U+00DE (decimal 222)
   defining Unicode char U+00DF (decimal 223)
   defining Unicode char U+00E0 (decimal 224)
   defining Unicode char U+00E1 (decimal 225)
   defining Unicode char U+00E2 (decimal 226)
   defining Unicode char U+00E3 (decimal 227)
   defining Unicode char U+00E4 (decimal 228)
   defining Unicode char U+00E5 (decimal 229)
   defining Unicode char U+00E6 (decimal 230)
   defining Unicode char U+00E7 (decimal 231)
   defining Unicode char U+00E8 (decimal 232)
   defining Unicode char U+00E9 (decimal 233)
   defining Unicode char U+00EA (decimal 234)
   defining Unicode char U+00EB (decimal 235)
   defining Unicode char U+00EC (decimal 236)
   defining Unicode char U+00ED (decimal 237)
   defining Unicode char U+00EE (decimal 238)
   defining Unicode char U+00EF (decimal 239)
   defining Unicode char U+00F0 (decimal 240)
   defining Unicode char U+00F1 (decimal 241)
   defining Unicode char U+00F2 (decimal 242)
   defining Unicode char U+00F3 (decimal 243)
   defining Unicode char U+00F4 (decimal 244)
   defining Unicode char U+00F5 (decimal 245)
   defining Unicode char U+00F6 (decimal 246)
   defining Unicode char U+00F8 (decimal 248)
   defining Unicode char U+00F9 (decimal 249)
   defining Unicode char U+00FA (decimal 250)
   defining Unicode char U+00FB (decimal 251)
   defining Unicode char U+00FC (decimal 252)
   defining Unicode char U+00FD (decimal 253)
   defining Unicode char U+00FE (decimal 254)
   defining Unicode char U+00FF (decimal 255)
   defining Unicode char U+0100 (decimal 256)
   defining Unicode char U+0101 (decimal 257)
   defining Unicode char U+0102 (decimal 258)
   defining Unicode char U+0103 (decimal 259)
   defining Unicode char U+0104 (decimal 260)
   defining Unicode char U+0105 (decimal 261)
   defining Unicode char U+0106 (decimal 262)
   defining Unicode char U+0107 (decimal 263)
   defining Unicode char U+0108 (decimal 264)
   defining Unicode char U+0109 (decimal 265)
   defining Unicode char U+010A (decimal 266)
   defining Unicode char U+010B (decimal 267)
   defining Unicode char U+010C (decimal 268)
   defining Unicode char U+010D (decimal 269)
   defining Unicode char U+010E (decimal 270)
   defining Unicode char U+010F (decimal 271)
   defining Unicode char U+0110 (decimal 272)
   defining Unicode char U+0111 (decimal 273)
   defining Unicode char U+0112 (decimal 274)
   defining Unicode char U+0113 (decimal 275)
   defining Unicode char U+0114 (decimal 276)
   defining Unicode char U+0115 (decimal 277)
   defining Unicode char U+0116 (decimal 278)
   defining Unicode char U+0117 (decimal 279)
   defining Unicode char U+0118 (decimal 280)
   defining Unicode char U+0119 (decimal 281)
   defining Unicode char U+011A (decimal 282)
   defining Unicode char U+011B (decimal 283)
   defining Unicode char U+011C (decimal 284)
   defining Unicode char U+011D (decimal 285)
   defining Unicode char U+011E (decimal 286)
   defining Unicode char U+011F (decimal 287)
   defining Unicode char U+0120 (decimal 288)
   defining Unicode char U+0121 (decimal 289)
   defining Unicode char U+0122 (decimal 290)
   defining Unicode char U+0123 (decimal 291)
   defining Unicode char U+0124 (decimal 292)
   defining Unicode char U+0125 (decimal 293)
   defining Unicode char U+0128 (decimal 296)
   defining Unicode char U+0129 (decimal 297)
   defining Unicode char U+012A (decimal 298)
   defining Unicode char U+012B (decimal 299)
   defining Unicode char U+012C (decimal 300)
   defining Unicode char U+012D (decimal 301)
   defining Unicode char U+012E (decimal 302)
   defining Unicode char U+012F (decimal 303)
   defining Unicode char U+0130 (decimal 304)
   defining Unicode char U+0131 (decimal 305)
   defining Unicode char U+0132 (decimal 306)
   defining Unicode char U+0133 (decimal 307)
   defining Unicode char U+0134 (decimal 308)
   defining Unicode char U+0135 (decimal 309)
   defining Unicode char U+0136 (decimal 310)
   defining Unicode char U+0137 (decimal 311)
   defining Unicode char U+0139 (decimal 313)
   defining Unicode char U+013A (decimal 314)
   defining Unicode char U+013B (decimal 315)
   defining Unicode char U+013C (decimal 316)
   defining Unicode char U+013D (decimal 317)
   defining Unicode char U+013E (decimal 318)
   defining Unicode char U+0141 (decimal 321)
   defining Unicode char U+0142 (decimal 322)
   defining Unicode char U+0143 (decimal 323)
   defining Unicode char U+0144 (decimal 324)
   defining Unicode char U+0145 (decimal 325)
   defining Unicode char U+0146 (decimal 326)
   defining Unicode char U+0147 (decimal 327)
   defining Unicode char U+0148 (decimal 328)
   defining Unicode char U+014A (decimal 330)
   defining Unicode char U+014B (decimal 331)
   defining Unicode char U+014C (decimal 332)
   defining Unicode char U+014D (decimal 333)
   defining Unicode char U+014E (decimal 334)
   defining Unicode char U+014F (decimal 335)
   defining Unicode char U+0150 (decimal 336)
   defining Unicode char U+0151 (decimal 337)
   defining Unicode char U+0152 (decimal 338)
   defining Unicode char U+0153 (decimal 339)
   defining Unicode char U+0154 (decimal 340)
   defining Unicode char U+0155 (decimal 341)
   defining Unicode char U+0156 (decimal 342)
   defining Unicode char U+0157 (decimal 343)
   defining Unicode char U+0158 (decimal 344)
   defining Unicode char U+0159 (decimal 345)
   defining Unicode char U+015A (decimal 346)
   defining Unicode char U+015B (decimal 347)
   defining Unicode char U+015C (decimal 348)
   defining Unicode char U+015D (decimal 349)
   defining Unicode char U+015E (decimal 350)
   defining Unicode char U+015F (decimal 351)
   defining Unicode char U+0160 (decimal 352)
   defining Unicode char U+0161 (decimal 353)
   defining Unicode char U+0162 (decimal 354)
   defining Unicode char U+0163 (decimal 355)
   defining Unicode char U+0164 (decimal 356)
   defining Unicode char U+0165 (decimal 357)
   defining Unicode char U+0168 (decimal 360)
   defining Unicode char U+0169 (decimal 361)
   defining Unicode char U+016A (decimal 362)
   defining Unicode char U+016B (decimal 363)
   defining Unicode char U+016C (decimal 364)
   defining Unicode char U+016D (decimal 365)
   defining Unicode char U+016E (decimal 366)
   defining Unicode char U+016F (decimal 367)
   defining Unicode char U+0170 (decimal 368)
   defining Unicode char U+0171 (decimal 369)
   defining Unicode char U+0172 (decimal 370)
   defining Unicode char U+0173 (decimal 371)
   defining Unicode char U+0174 (decimal 372)
   defining Unicode char U+0175 (decimal 373)
   defining Unicode char U+0176 (decimal 374)
   defining Unicode char U+0177 (decimal 375)
   defining Unicode char U+0178 (decimal 376)
   defining Unicode char U+0179 (decimal 377)
   defining Unicode char U+017A (decimal 378)
   defining Unicode char U+017B (decimal 379)
   defining Unicode char U+017C (decimal 380)
   defining Unicode char U+017D (decimal 381)
   defining Unicode char U+017E (decimal 382)
   defining Unicode char U+01CD (decimal 461)
   defining Unicode char U+01CE (decimal 462)
   defining Unicode char U+01CF (decimal 463)
   defining Unicode char U+01D0 (decimal 464)
   defining Unicode char U+01D1 (decimal 465)
   defining Unicode char U+01D2 (decimal 466)
   defining Unicode char U+01D3 (decimal 467)
   defining Unicode char U+01D4 (decimal 468)
   defining Unicode char U+01E2 (decimal 482)
   defining Unicode char U+01E3 (decimal 483)
   defining Unicode char U+01E6 (decimal 486)
   defining Unicode char U+01E7 (decimal 487)
   defining Unicode char U+01E8 (decimal 488)
   defining Unicode char U+01E9 (decimal 489)
   defining Unicode char U+01EA (decimal 490)
   defining Unicode char U+01EB (decimal 491)
   defining Unicode char U+01F0 (decimal 496)
   defining Unicode char U+01F4 (decimal 500)
   defining Unicode char U+01F5 (decimal 501)
   defining Unicode char U+0218 (decimal 536)
   defining Unicode char U+0219 (decimal 537)
   defining Unicode char U+021A (decimal 538)
   defining Unicode char U+021B (decimal 539)
   defining Unicode char U+0232 (decimal 562)
   defining Unicode char U+0233 (decimal 563)
   defining Unicode char U+1E02 (decimal 7682)
   defining Unicode char U+1E03 (decimal 7683)
   defining Unicode char U+200C (decimal 8204)
   defining Unicode char U+2010 (decimal 8208)
   defining Unicode char U+2011 (decimal 8209)
   defining Unicode char U+2012 (decimal 8210)
   defining Unicode char U+2013 (decimal 8211)
   defining Unicode char U+2014 (decimal 8212)
   defining Unicode char U+2015 (decimal 8213)
   defining Unicode char U+2018 (decimal 8216)
   defining Unicode char U+2019 (decimal 8217)
   defining Unicode char U+201A (decimal 8218)
   defining Unicode char U+201C (decimal 8220)
   defining Unicode char U+201D (decimal 8221)
   defining Unicode char U+201E (decimal 8222)
   defining Unicode char U+2030 (decimal 8240)
   defining Unicode char U+2031 (decimal 8241)
   defining Unicode char U+2039 (decimal 8249)
   defining Unicode char U+203A (decimal 8250)
   defining Unicode char U+2423 (decimal 9251)
   defining Unicode char U+1E20 (decimal 7712)
   defining Unicode char U+1E21 (decimal 7713)
)
Now handling font encoding OT1 ...
... processing UTF-8 mapping file for font encoding OT1

(/usr/local/texlive/2017/texmf-dist/tex/latex/base/ot1enc.dfu
File: ot1enc.dfu 2017/01/28 v1.1t UTF-8 support for inputenc
   defining Unicode char U+00A0 (decimal 160)
   defining Unicode char U+00A1 (decimal 161)
   defining Unicode char U+00A3 (decimal 163)
   defining Unicode char U+00AD (decimal 173)
   defining Unicode char U+00B8 (decimal 184)
   defining Unicode char U+00BF (decimal 191)
   defining Unicode char U+00C5 (decimal 197)
   defining Unicode char U+00C6 (decimal 198)
   defining Unicode char U+00D8 (decimal 216)
   defining Unicode char U+00DF (decimal 223)
   defining Unicode char U+00E6 (decimal 230)
   defining Unicode char U+00EC (decimal 236)
   defining Unicode char U+00ED (decimal 237)
   defining Unicode char U+00EE (decimal 238)
   defining Unicode char U+00EF (decimal 239)
   defining Unicode char U+00F8 (decimal 248)
   defining Unicode char U+0131 (decimal 305)
   defining Unicode char U+0141 (decimal 321)
   defining Unicode char U+0142 (decimal 322)
   defining Unicode char U+0152 (decimal 338)
   defining Unicode char U+0153 (decimal 339)
   defining Unicode char U+0174 (decimal 372)
   defining Unicode char U+0175 (decimal 373)
   defining Unicode char U+0176 (decimal 374)
   defining Unicode char U+0177 (decimal 375)
   defining Unicode char U+0218 (decimal 536)
   defining Unicode char U+0219 (decimal 537)
   defining Unicode char U+021A (decimal 538)
   defining Unicode char U+021B (decimal 539)
   defining Unicode char U+2013 (decimal 8211)
   defining Unicode char U+2014 (decimal 8212)
   defining Unicode char U+2018 (decimal 8216)
   defining Unicode char U+2019 (decimal 8217)
   defining Unicode char U+201C (decimal 8220)
   defining Unicode char U+201D (decimal 8221)
)
Now handling font encoding OMS ...
... processing UTF-8 mapping file for font encoding OMS

(/usr/local/texlive/2017/texmf-dist/tex/latex/base/omsenc.dfu
File: omsenc.dfu 2017/01/28 v1.1t UTF-8 support for inputenc
   defining Unicode char U+00A7 (decimal 167)
   defining Unicode char U+00B6 (decimal 182)
   defining Unicode char U+00B7 (decimal 183)
   defining Unicode char U+2020 (decimal 8224)
   defining Unicode char U+2021 (decimal 8225)
   defining Unicode char U+2022 (decimal 8226)
)
Now handling font encoding OMX ...
... no UTF-8 mapping file for font encoding OMX
Now handling font encoding U ...
... no UTF-8 mapping file for font encoding U
   defining Unicode char U+00A9 (decimal 169)
   defining Unicode char U+00AA (decimal 170)
   defining Unicode char U+00AE (decimal 174)
   defining Unicode char U+00BA (decimal 186)
   defining Unicode char U+02C6 (decimal 710)
   defining Unicode char U+02DC (decimal 732)
   defining Unicode char U+200C (decimal 8204)
   defining Unicode char U+2026 (decimal 8230)
   defining Unicode char U+2122 (decimal 8482)
   defining Unicode char U+2423 (decimal 9251)
))
(/usr/local/texlive/2017/texmf-dist/tex/latex/geometry/geometry.sty
Package: geometry 2010/09/12 v5.6 Page Geometry

(/usr/local/texlive/2017/texmf-dist/tex/latex/graphics/keyval.sty
Package: keyval 2014/10/28 v1.15 key=value parser (DPC)
\KV@toks@=\toks16
)
(/usr/local/texlive/2017/texmf-dist/tex/generic/oberdiek/ifpdf.sty
Package: ifpdf 2017/03/15 v3.2 Provides the ifpdf switch
)
(/usr/local/texlive/2017/texmf-dist/tex/generic/oberdiek/ifvtex.sty
Package: ifvtex 2016/05/16 v1.6 Detect VTeX and its facilities (HO)
Package ifvtex Info: VTeX not detected.
)
(/usr/local/texlive/2017/texmf-dist/tex/generic/ifxetex/ifxetex.sty
Package: ifxetex 2010/09/12 v0.6 Provides ifxetex conditional
)
\Gm@cnth=\count88
\Gm@cntv=\count89
\c@Gm@tempcnt=\count90
\Gm@bindingoffset=\dimen103
\Gm@wd@mp=\dimen104
\Gm@odd@mp=\dimen105
\Gm@even@mp=\dimen106
\Gm@layoutwidth=\dimen107
\Gm@layoutheight=\dimen108
\Gm@layouthoffset=\dimen109
\Gm@layoutvoffset=\dimen110
\Gm@dimlist=\toks17
)
(/usr/local/texlive/2017/texmf-dist/tex/latex/amsmath/amsmath.sty
Package: amsmath 2016/11/05 v2.16a AMS math features
\@mathmargin=\skip43

For additional information on amsmath, use the `?' option.
(/usr/local/texlive/2017/texmf-dist/tex/latex/amsmath/amstext.sty
Package: amstext 2000/06/29 v2.01 AMS text

(/usr/local/texlive/2017/texmf-dist/tex/latex/amsmath/amsgen.sty
File: amsgen.sty 1999/11/30 v2.0 generic functions
\@emptytoks=\toks18
\ex@=\dimen111
))
(/usr/local/texlive/2017/texmf-dist/tex/latex/amsmath/amsbsy.sty
Package: amsbsy 1999/11/29 v1.2d Bold Symbols
\pmbraise@=\dimen112
)
(/usr/local/texlive/2017/texmf-dist/tex/latex/amsmath/amsopn.sty
Package: amsopn 2016/03/08 v2.02 operator names
)
\inf@bad=\count91
LaTeX Info: Redefining \frac on input line 213.
\uproot@=\count92
\leftroot@=\count93
LaTeX Info: Redefining \overline on input line 375.
\classnum@=\count94
\DOTSCASE@=\count95
LaTeX Info: Redefining \ldots on input line 472.
LaTeX Info: Redefining \dots on input line 475.
LaTeX Info: Redefining \cdots on input line 596.
\Mathstrutbox@=\box26
\strutbox@=\box27
\big@size=\dimen113
LaTeX Font Info:    Redeclaring font encoding OML on input line 712.
LaTeX Font Info:    Redeclaring font encoding OMS on input line 713.
\macc@depth=\count96
\c@MaxMatrixCols=\count97
\dotsspace@=\muskip10
\c@parentequation=\count98
\dspbrk@lvl=\count99
\tag@help=\toks19
\row@=\count100
\column@=\count101
\maxfields@=\count102
\andhelp@=\toks20
\eqnshift@=\dimen114
\alignsep@=\dimen115
\tagshift@=\dimen116
\tagwidth@=\dimen117
\totwidth@=\dimen118
\lineht@=\dimen119
\@envbody=\toks21
\multlinegap=\skip44
\multlinetaggap=\skip45
\mathdisplay@stack=\toks22
LaTeX Info: Redefining \[ on input line 2817.
LaTeX Info: Redefining \] on input line 2818.
)
(/usr/local/texlive/2017/texmf-dist/tex/latex/amsfonts/amsfonts.sty
Package: amsfonts 2013/01/14 v3.01 Basic AMSFonts support
\symAMSa=\mathgroup4
\symAMSb=\mathgroup5
LaTeX Font Info:    Overwriting math alphabet `\mathfrak' in version `bold'
(Font)                  U/euf/m/n --> U/euf/b/n on input line 106.
)
(/usr/local/texlive/2017/texmf-dist/tex/latex/amsfonts/amssymb.sty
Package: amssymb 2013/01/14 v3.01 AMS font symbols
)
(/usr/local/texlive/2017/texmf-dist/tex/latex/graphics/graphicx.sty
Package: graphicx 2014/10/28 v1.0g Enhanced LaTeX Graphics (DPC,SPQR)

(/usr/local/texlive/2017/texmf-dist/tex/latex/graphics/graphics.sty
Package: graphics 2017/04/14 v1.1b Standard LaTeX Graphics (DPC,SPQR)

(/usr/local/texlive/2017/texmf-dist/tex/latex/graphics/trig.sty
Package: trig 2016/01/03 v1.10 sin cos tan (DPC)
)
(/usr/local/texlive/2017/texmf-dist/tex/latex/graphics-cfg/graphics.cfg
File: graphics.cfg 2016/06/04 v1.11 sample graphics configuration
)
Package graphics Info: Driver file: pdftex.def on input line 99.

(/usr/local/texlive/2017/texmf-dist/tex/latex/graphics-def/pdftex.def
File: pdftex.def 2017/01/12 v0.06k Graphics/color for pdfTeX

(/usr/local/texlive/2017/texmf-dist/tex/generic/oberdiek/infwarerr.sty
Package: infwarerr 2016/05/16 v1.4 Providing info/warning/error messages (HO)
)
(/usr/local/texlive/2017/texmf-dist/tex/generic/oberdiek/ltxcmds.sty
Package: ltxcmds 2016/05/16 v1.23 LaTeX kernel commands for general use (HO)
)
\Gread@gobject=\count103
))
\Gin@req@height=\dimen120
\Gin@req@width=\dimen121
)
(/usr/local/texlive/2017/texmf-dist/tex/latex/tools/longtable.sty
Package: longtable 2014/10/28 v4.11 Multi-page Table package (DPC)
\LTleft=\skip46
\LTright=\skip47
\LTpre=\skip48
\LTpost=\skip49
\LTchunksize=\count104
\LTcapwidth=\dimen122
\LT@head=\box28
\LT@firsthead=\box29
\LT@foot=\box30
\LT@lastfoot=\box31
\LT@cols=\count105
\LT@rows=\count106
\c@LT@tables=\count107
\c@LT@chunks=\count108
\LT@p@ftn=\toks23
)
(/usr/local/texlive/2017/texmf-dist/tex/latex/csvsimple/csvsimple.sty
Package: csvsimple 2016/07/01 version 1.20 LaTeX CSV file processing

(/usr/local/texlive/2017/texmf-dist/tex/latex/pgf/utilities/pgfkeys.sty
(/usr/local/texlive/2017/texmf-dist/tex/generic/pgf/utilities/pgfkeys.code.tex
\pgfkeys@pathtoks=\toks24
\pgfkeys@temptoks=\toks25

(/usr/local/texlive/2017/texmf-dist/tex/generic/pgf/utilities/pgfkeysfiltered.c
ode.tex
\pgfkeys@tmptoks=\toks26
))) (/usr/local/texlive/2017/texmf-dist/tex/latex/base/ifthen.sty
Package: ifthen 2014/09/29 v1.1c Standard LaTeX ifthen package (DPC)
)
(/usr/local/texlive/2017/texmf-dist/tex/latex/etoolbox/etoolbox.sty
Package: etoolbox 2017/01/02 v2.4 e-TeX tools for LaTeX (JAW)
\etb@tempcnta=\count109
)
(/usr/local/texlive/2017/texmf-dist/tex/latex/tools/shellesc.sty
Package: shellesc 2016/06/07 v0.02a unified shell escape interface for LaTeX
Package shellesc Info: Restricted shell escape enabled on input line 69.
)
\csv@file=\read1
\c@csvinputline=\count110
\c@csvrow=\count111
\c@csvcol=\count112
\csv@out=\write3
)
(/usr/local/texlive/2017/texmf-dist/tex/latex/placeins/placeins.sty
Package: placeins 2005/04/18  v 2.2
)
(/usr/local/texlive/2017/texmf-dist/tex/latex/tools/array.sty
Package: array 2016/10/06 v2.4d Tabular extension package (FMi)
\col@sep=\dimen123
\extrarowheight=\dimen124
\NC@list=\toks27
\extratabsurround=\skip50
\backup@length=\skip51
)
(/usr/local/texlive/2017/texmf-dist/tex/latex/booktabs/booktabs.sty
Package: booktabs 2016/04/27 v1.618033 publication quality tables
\heavyrulewidth=\dimen125
\lightrulewidth=\dimen126
\cmidrulewidth=\dimen127
\belowrulesep=\dimen128
\belowbottomsep=\dimen129
\aboverulesep=\dimen130
\abovetopsep=\dimen131
\cmidrulesep=\dimen132
\cmidrulekern=\dimen133
\defaultaddspace=\dimen134
\@cmidla=\count113
\@cmidlb=\count114
\@aboverulesep=\dimen135
\@belowrulesep=\dimen136
\@thisruleclass=\count115
\@lastruleclass=\count116
\@thisrulewidth=\dimen137
)
(/usr/local/texlive/2017/texmf-dist/tex/latex/hyperref/hyperref.sty
Package: hyperref 2017/03/14 v6.85a Hypertext links for LaTeX

(/usr/local/texlive/2017/texmf-dist/tex/generic/oberdiek/hobsub-hyperref.sty
Package: hobsub-hyperref 2016/05/16 v1.14 Bundle oberdiek, subset hyperref (HO)


(/usr/local/texlive/2017/texmf-dist/tex/generic/oberdiek/hobsub-generic.sty
Package: hobsub-generic 2016/05/16 v1.14 Bundle oberdiek, subset generic (HO)
Package: hobsub 2016/05/16 v1.14 Construct package bundles (HO)
Package hobsub Info: Skipping package `infwarerr' (already loaded).
Package hobsub Info: Skipping package `ltxcmds' (already loaded).
Package: ifluatex 2016/05/16 v1.4 Provides the ifluatex switch (HO)
Package ifluatex Info: LuaTeX not detected.
Package hobsub Info: Skipping package `ifvtex' (already loaded).
Package: intcalc 2016/05/16 v1.2 Expandable calculations with integers (HO)
Package hobsub Info: Skipping package `ifpdf' (already loaded).
Package: etexcmds 2016/05/16 v1.6 Avoid name clashes with e-TeX commands (HO)
Package etexcmds Info: Could not find \expanded.
(etexcmds)             That can mean that you are not using pdfTeX 1.50 or
(etexcmds)             that some package has redefined \expanded.
(etexcmds)             In the latter case, load this package earlier.
Package: kvsetkeys 2016/05/16 v1.17 Key value parser (HO)
Package: kvdefinekeys 2016/05/16 v1.4 Define keys (HO)
Package: pdftexcmds 2017/03/19 v0.25 Utility functions of pdfTeX for LuaTeX (HO
)
Package pdftexcmds Info: LuaTeX not detected.
Package pdftexcmds Info: \pdf@primitive is available.
Package pdftexcmds Info: \pdf@ifprimitive is available.
Package pdftexcmds Info: \pdfdraftmode found.
Package: pdfescape 2016/05/16 v1.14 Implements pdfTeX's escape features (HO)
Package: bigintcalc 2016/05/16 v1.4 Expandable calculations on big integers (HO
)
Package: bitset 2016/05/16 v1.2 Handle bit-vector datatype (HO)
Package: uniquecounter 2016/05/16 v1.3 Provide unlimited unique counter (HO)
)
Package hobsub Info: Skipping package `hobsub' (already loaded).
Package: letltxmacro 2016/05/16 v1.5 Let assignment for LaTeX macros (HO)
Package: hopatch 2016/05/16 v1.3 Wrapper for package hooks (HO)
Package: xcolor-patch 2016/05/16 xcolor patch
Package: atveryend 2016/05/16 v1.9 Hooks at the very end of document (HO)
Package: atbegshi 2016/06/09 v1.18 At begin shipout hook (HO)
Package: refcount 2016/05/16 v3.5 Data extraction from label references (HO)
Package: hycolor 2016/05/16 v1.8 Color options for hyperref/bookmark (HO)
)
(/usr/local/texlive/2017/texmf-dist/tex/latex/oberdiek/auxhook.sty
Package: auxhook 2016/05/16 v1.4 Hooks for auxiliary files (HO)
)
(/usr/local/texlive/2017/texmf-dist/tex/latex/oberdiek/kvoptions.sty
Package: kvoptions 2016/05/16 v3.12 Key value format for package options (HO)
)
\@linkdim=\dimen138
\Hy@linkcounter=\count117
\Hy@pagecounter=\count118

(/usr/local/texlive/2017/texmf-dist/tex/latex/hyperref/pd1enc.def
File: pd1enc.def 2017/03/14 v6.85a Hyperref: PDFDocEncoding definition (HO)
Now handling font encoding PD1 ...
... no UTF-8 mapping file for font encoding PD1
)
\Hy@SavedSpaceFactor=\count119

(/usr/local/texlive/2017/texmf-dist/tex/latex/latexconfig/hyperref.cfg
File: hyperref.cfg 2002/06/06 v1.2 hyperref configuration of TeXLive
)
Package hyperref Info: Option `colorlinks' set `true' on input line 4374.
Package hyperref Info: Hyper figures OFF on input line 4498.
Package hyperref Info: Link nesting OFF on input line 4503.
Package hyperref Info: Hyper index ON on input line 4506.
Package hyperref Info: Plain pages OFF on input line 4513.
Package hyperref Info: Backreferencing OFF on input line 4518.
Package hyperref Info: Implicit mode ON; LaTeX internals redefined.
Package hyperref Info: Bookmarks ON on input line 4751.
\c@Hy@tempcnt=\count120

(/usr/local/texlive/2017/texmf-dist/tex/latex/url/url.sty
\Urlmuskip=\muskip11
Package: url 2013/09/16  ver 3.4  Verb mode for urls, etc.
)
LaTeX Info: Redefining \url on input line 5104.
\XeTeXLinkMargin=\dimen139
\Fld@menulength=\count121
\Field@Width=\dimen140
\Fld@charsize=\dimen141
Package hyperref Info: Hyper figures OFF on input line 6358.
Package hyperref Info: Link nesting OFF on input line 6363.
Package hyperref Info: Hyper index ON on input line 6366.
Package hyperref Info: backreferencing OFF on input line 6373.
Package hyperref Info: Link coloring ON on input line 6376.
Package hyperref Info: Link coloring with OCG OFF on input line 6383.
Package hyperref Info: PDF/A mode OFF on input line 6388.
LaTeX Info: Redefining \ref on input line 6428.
LaTeX Info: Redefining \pageref on input line 6432.
\Hy@abspage=\count122
\c@Item=\count123
\c@Hfootnote=\count124
)

Package hyperref Message: Driver (autodetected): hpdftex.

(/usr/local/texlive/2017/texmf-dist/tex/latex/hyperref/hpdftex.def
File: hpdftex.def 2017/03/14 v6.85a Hyperref driver for pdfTeX
\Fld@listcount=\count125
\c@bookmark@seq@number=\count126

(/usr/local/texlive/2017/texmf-dist/tex/latex/oberdiek/rerunfilecheck.sty
Package: rerunfilecheck 2016/05/16 v1.8 Rerun checks for auxiliary files (HO)
Package uniquecounter Info: New unique counter `rerunfilecheck' on input line 2
82.
)
\Hy@SectionHShift=\skip52
)
(/usr/local/texlive/2017/texmf-dist/tex/latex/listings/listings.sty
\lst@mode=\count127
\lst@gtempboxa=\box32
\lst@token=\toks28
\lst@length=\count128
\lst@currlwidth=\dimen142
\lst@column=\count129
\lst@pos=\count130
\lst@lostspace=\dimen143
\lst@width=\dimen144
\lst@newlines=\count131
\lst@lineno=\count132
\lst@maxwidth=\dimen145

(/usr/local/texlive/2017/texmf-dist/tex/latex/listings/lstmisc.sty
File: lstmisc.sty 2015/06/04 1.6 (Carsten Heinz)
\c@lstnumber=\count133
\lst@skipnumbers=\count134
\lst@framebox=\box33
)
(/usr/local/texlive/2017/texmf-dist/tex/latex/listings/listings.cfg
File: listings.cfg 2015/06/04 1.6 listings configuration
))
Package: listings 2015/06/04 1.6 (Carsten Heinz)

(./lab_book.aux

LaTeX Warning: Label `centro_fix' multiply defined.


LaTeX Warning: Label `sites_fam' multiply defined.

)
\openout1 = `lab_book.aux'.

LaTeX Font Info:    Checking defaults for OML/cmm/m/it on input line 18.
LaTeX Font Info:    ... okay on input line 18.
LaTeX Font Info:    Checking defaults for T1/cmr/m/n on input line 18.
LaTeX Font Info:    ... okay on input line 18.
LaTeX Font Info:    Checking defaults for OT1/cmr/m/n on input line 18.
LaTeX Font Info:    ... okay on input line 18.
LaTeX Font Info:    Checking defaults for OMS/cmsy/m/n on input line 18.
LaTeX Font Info:    ... okay on input line 18.
LaTeX Font Info:    Checking defaults for OMX/cmex/m/n on input line 18.
LaTeX Font Info:    ... okay on input line 18.
LaTeX Font Info:    Checking defaults for U/cmr/m/n on input line 18.
LaTeX Font Info:    ... okay on input line 18.
LaTeX Font Info:    Checking defaults for PD1/pdf/m/n on input line 18.
LaTeX Font Info:    ... okay on input line 18.

*geometry* driver: auto-detecting
*geometry* detected driver: pdftex
*geometry* verbose mode - [ preamble ] result:
* driver: pdftex
* paper: a4paper
* layout: <same size as paper>
* layoutoffset:(h,v)=(0.0pt,0.0pt)
* modes: 
* h-part:(L,W,R)=(56.9055pt, 483.69687pt, 56.9055pt)
* v-part:(T,H,B)=(85.35826pt, 674.33032pt, 85.35826pt)
* \paperwidth=597.50787pt
* \paperheight=845.04684pt
* \textwidth=483.69687pt
* \textheight=674.33032pt
* \oddsidemargin=-15.36449pt
* \evensidemargin=-15.36449pt
* \topmargin=-23.91173pt
* \headheight=12.0pt
* \headsep=25.0pt
* \topskip=10.0pt
* \footskip=30.0pt
* \marginparwidth=57.0pt
* \marginparsep=11.0pt
* \columnsep=10.0pt
* \skip\footins=9.0pt plus 4.0pt minus 2.0pt
* \hoffset=0.0pt
* \voffset=0.0pt
* \mag=1000
* \@twocolumnfalse
* \@twosidefalse
* \@mparswitchfalse
* \@reversemarginfalse
* (1in=72.27pt=25.4mm, 1cm=28.453pt)

(/usr/local/texlive/2017/texmf-dist/tex/context/base/mkii/supp-pdf.mkii
[Loading MPS to PDF converter (version 2006.09.02).]
\scratchcounter=\count135
\scratchdimen=\dimen146
\scratchbox=\box34
\nofMPsegments=\count136
\nofMParguments=\count137
\everyMPshowfont=\toks29
\MPscratchCnt=\count138
\MPscratchDim=\dimen147
\MPnumerator=\count139
\makeMPintoPDFobject=\count140
\everyMPtoPDFconversion=\toks30
) (/usr/local/texlive/2017/texmf-dist/tex/latex/oberdiek/epstopdf-base.sty
Package: epstopdf-base 2016/05/15 v2.6 Base part for package epstopdf

(/usr/local/texlive/2017/texmf-dist/tex/latex/oberdiek/grfext.sty
Package: grfext 2016/05/16 v1.2 Manage graphics extensions (HO)
)
Package epstopdf-base Info: Redefining graphics rule for `.eps' on input line 4
38.
Package grfext Info: Graphics extension search list:
(grfext)             [.png,.pdf,.jpg,.mps,.jpeg,.jbig2,.jb2,.PNG,.PDF,.JPG,.JPE
G,.JBIG2,.JB2,.eps]
(grfext)             \AppendGraphicsExtensions on input line 456.

(/usr/local/texlive/2017/texmf-dist/tex/latex/latexconfig/epstopdf-sys.cfg
File: epstopdf-sys.cfg 2010/07/13 v1.3 Configuration of (r)epstopdf for TeX Liv
e
))
\AtBeginShipoutBox=\box35

(/usr/local/texlive/2017/texmf-dist/tex/latex/graphics/color.sty
Package: color 2016/07/10 v1.1e Standard LaTeX Color (DPC)

(/usr/local/texlive/2017/texmf-dist/tex/latex/graphics-cfg/color.cfg
File: color.cfg 2016/01/02 v1.6 sample color configuration
)
Package color Info: Driver file: pdftex.def on input line 147.
)
Package hyperref Info: Link coloring ON on input line 18.

(/usr/local/texlive/2017/texmf-dist/tex/latex/hyperref/nameref.sty
Package: nameref 2016/05/21 v2.44 Cross-referencing by name of section

(/usr/local/texlive/2017/texmf-dist/tex/generic/oberdiek/gettitlestring.sty
Package: gettitlestring 2016/05/16 v1.5 Cleanup title references (HO)
)
\c@section@level=\count141
)
LaTeX Info: Redefining \ref on input line 18.
LaTeX Info: Redefining \pageref on input line 18.
LaTeX Info: Redefining \nameref on input line 18.

(./lab_book.out) (./lab_book.out)
\@outlinefile=\write4
\openout4 = `lab_book.out'.

\c@lstlisting=\count142
LaTeX Font Info:    Try loading font information for U+msa on input line 21.

(/usr/local/texlive/2017/texmf-dist/tex/latex/amsfonts/umsa.fd
File: umsa.fd 2013/01/14 v3.01 AMS symbols A
)
LaTeX Font Info:    Try loading font information for U+msb on input line 21.

(/usr/local/texlive/2017/texmf-dist/tex/latex/amsfonts/umsb.fd
File: umsb.fd 2013/01/14 v3.01 AMS symbols B
) [1

{/usr/local/texlive/2017/texmf-var/fonts/map/pdftex/updmap/pdftex.map}]
Chapter 1.
<flowchart.png, id=347, 768.9528pt x 1023.70454pt>
File: flowchart.png Graphic file (type png)
 <use flowchart.png>
Package pdftex.def Info: flowchart.png used on input line 46.
(pdftex.def)             Requested size: 384.47546pt x 511.85103pt.
pdfTeX warning (ext4): destination with the same identifier (name{page.1}) has 
been already used, duplicate ignored
<to be read again> 
                   \relax 
l.51  \chapter
              {Processing reads} [1

] [2 <./flowchart.png>]
Chapter 2.
LaTeX Font Info:    Try loading font information for OMS+cmr on input line 59.
(/usr/local/texlive/2017/texmf-dist/tex/latex/base/omscmr.fd
File: omscmr.fd 2014/09/29 v2.5h Standard LaTeX font definitions
)
LaTeX Font Info:    Font shape `OMS/cmr/m/n' in size <10> not available
(Font)              Font shape `OMS/cmsy/m/n' tried instead on input line 59.
 [3

]
Chapter 3.
LaTeX Font Info:    Try loading font information for OML+cmr on input line 99.
(/usr/local/texlive/2017/texmf-dist/tex/latex/base/omlcmr.fd
File: omlcmr.fd 2014/09/29 v2.5h Standard LaTeX font definitions
)
LaTeX Font Info:    Font shape `OML/cmr/m/n' in size <10> not available
(Font)              Font shape `OML/cmm/m/it' tried instead on input line 99.
 [4

] [5]
<param_space/mapstats.pdf, id=403, 578.16pt x 433.62pt>
File: param_space/mapstats.pdf Graphic file (type pdf)

<use param_space/mapstats.pdf>
Package pdftex.def Info: param_space/mapstats.pdf used on input line 183.
(pdftex.def)             Requested size: 289.07928pt x 216.80946pt.
 [6 <./param_space/mapstats.pdf>]
Underfull \hbox (badness 10000) in paragraph at lines 256--257

 []

[7] <stacks_pipeline/radtags_distrib.pdf, id=461, 505.89pt x 505.89pt>
File: stacks_pipeline/radtags_distrib.pdf Graphic file (type pdf)

<use stacks_pipeline/radtags_distrib.pdf>
Package pdftex.def Info: stacks_pipeline/radtags_distrib.pdf used on input line
 263.
(pdftex.def)             Requested size: 338.58632pt x 338.58945pt.
 [8 <./stacks_pipeline/radtags_distrib.pdf>] <F_d-25_r-75.pdf, id=473, 650.43pt
 x 505.89pt>
File: F_d-25_r-75.pdf Graphic file (type pdf)
 <use F_d-25_r-75.pdf>
Package pdftex.def Info: F_d-25_r-75.pdf used on input line 321.
(pdftex.def)             Requested size: 725.5453pt x 564.35434pt.

Overfull \hbox (171.80066pt too wide) in paragraph at lines 320--322
 |  [] 
 []


LaTeX Warning: `h' float specifier changed to `ht'.


LaTeX Warning: `!h' float specifier changed to `!ht'.

[9] [10] [11 <./F_d-25_r-75.pdf>]
Chapter 4.

Underfull \hbox (badness 10000) in paragraph at lines 351--353

 []

<exclu_haplo/m2.pdf, id=500, 505.89pt x 505.89pt>
File: exclu_haplo/m2.pdf Graphic file (type pdf)
 <use exclu_haplo/m2.pdf>
Package pdftex.def Info: exclu_haplo/m2.pdf used on input line 373.
(pdftex.def)             Requested size: 580.43475pt x 580.44897pt.

Overfull \hbox (41.14389pt too wide) in paragraph at lines 372--374
 |  [] 
 []


LaTeX Warning: `h' float specifier changed to `ht'.

[12


] [13 <./exclu_haplo/m2.pdf>]
<exclu_haplo/d5assoc_explo/m2.pdf, id=522, 397.485pt x 397.485pt>
File: exclu_haplo/d5assoc_explo/m2.pdf Graphic file (type pdf)

<use exclu_haplo/d5assoc_explo/m2.pdf>
Package pdftex.def Info: exclu_haplo/d5assoc_explo/m2.pdf used on input line 38
8.
(pdftex.def)             Requested size: 386.95897pt x 386.97316pt.

<exclu_haplo/d25assoc_explo/m2.pdf, id=523, 397.485pt x 397.485pt>
File: exclu_haplo/d25assoc_explo/m2.pdf Graphic file (type pdf)

<use exclu_haplo/d25assoc_explo/m2.pdf>
Package pdftex.def Info: exclu_haplo/d25assoc_explo/m2.pdf used on input line 3
96.
(pdftex.def)             Requested size: 386.95897pt x 386.97316pt.


LaTeX Warning: `h' float specifier changed to `ht'.

[14

 <./exclu_haplo/d5assoc_explo/m2.pdf>] [15 <./exclu_haplo/d25assoc_explo/m2.pdf
>]
Chapter 5.

Underfull \hbox (badness 10000) in paragraph at lines 407--409

 []


<cleaning_genomic_data/F_r-75_d-5_m2_density.pdf, id=616, 505.89pt x 505.89pt>
File: cleaning_genomic_data/F_r-75_d-5_m2_density.pdf Graphic file (type pdf)

<use cleaning_genomic_data/F_r-75_d-5_m2_density.pdf>
Package pdftex.def Info: cleaning_genomic_data/F_r-75_d-5_m2_density.pdf used o
n input line 429.
(pdftex.def)             Requested size: 386.95897pt x 386.96597pt.


LaTeX Warning: `h' float specifier changed to `ht'.

<cleaning_genomic_data/ploidy_sep_fixed.pdf, id=618, 505.89pt x 505.89pt>
File: cleaning_genomic_data/ploidy_sep_fixed.pdf Graphic file (type pdf)

<use cleaning_genomic_data/ploidy_sep_fixed.pdf>
Package pdftex.def Info: cleaning_genomic_data/ploidy_sep_fixed.pdf used on inp
ut line 443.
(pdftex.def)             Requested size: 386.95897pt x 386.96597pt.


LaTeX Warning: `h' float specifier changed to `ht'.

[16


]
<cleaning_genomic_data/assoc_explo_fam/B.pdf, id=630, 397.485pt x 397.485pt>
File: cleaning_genomic_data/assoc_explo_fam/B.pdf Graphic file (type pdf)

<use cleaning_genomic_data/assoc_explo_fam/B.pdf>
Package pdftex.def Info: cleaning_genomic_data/assoc_explo_fam/B.pdf used on in
put line 464.
(pdftex.def)             Requested size: 386.95897pt x 386.97316pt.


LaTeX Warning: `h' float specifier changed to `ht'.

[17 <./cleaning_genomic_data/F_r-75_d-5_m2_density.pdf>]
<cleaning_genomic_data/assoc_explo_fam_no_mother/B.pdf, id=648, 397.485pt x 397
.485pt>
File: cleaning_genomic_data/assoc_explo_fam_no_mother/B.pdf Graphic file (type 
pdf)
 <use cleaning_genomic_data/assoc_explo_fam_no_mother/B.pdf>
Package pdftex.def Info: cleaning_genomic_data/assoc_explo_fam_no_mother/B.pdf 
used on input line 500.
(pdftex.def)             Requested size: 386.95897pt x 386.97316pt.


LaTeX Warning: `h' float specifier changed to `ht'.

[18 <./cleaning_genomic_data/ploidy_sep_fixed.pdf>] [19] [20 <./cleaning_genomi
c_data/assoc_explo_fam/B.pdf>] [21 <./cleaning_genomic_data/assoc_explo_fam_no_
mother/B.pdf>] [22

]
Chapter 6.

Underfull \hbox (badness 10000) in paragraph at lines 537--538

 []

[23

] [24]
Chapter 7.

Underfull \hbox (badness 10000) in paragraph at lines 587--588

 []

[25

]
Underfull \hbox (badness 10000) in paragraph at lines 593--595

 []


Underfull \hbox (badness 10000) in paragraph at lines 602--604

 []

<Num_CSD_loci/Group_mother_21fam_3gr.pdf, id=778, 582.175pt x 388.45125pt>
File: Num_CSD_loci/Group_mother_21fam_3gr.pdf Graphic file (type pdf)

<use Num_CSD_loci/Group_mother_21fam_3gr.pdf>
Package pdftex.def Info: Num_CSD_loci/Group_mother_21fam_3gr.pdf used on input 
line 611.
(pdftex.def)             Requested size: 483.69687pt x 322.74637pt.


LaTeX Warning: `h' float specifier changed to `ht'.

<Num_CSD_loci/Group_mother_21fam_7gr.pdf, id=779, 582.175pt x 388.45125pt>
File: Num_CSD_loci/Group_mother_21fam_7gr.pdf Graphic file (type pdf)

<use Num_CSD_loci/Group_mother_21fam_7gr.pdf>
Package pdftex.def Info: Num_CSD_loci/Group_mother_21fam_7gr.pdf used on input 
line 619.
(pdftex.def)             Requested size: 483.69687pt x 322.74637pt.


LaTeX Warning: `h' float specifier changed to `ht'.

[26] [27 <./Num_CSD_loci/Group_mother_21fam_3gr.pdf>] [28 <./Num_CSD_loci/Group
_mother_21fam_7gr.pdf>]
Underfull \hbox (badness 10000) in paragraph at lines 628--630

 []


Underfull \hbox (badness 10000) in paragraph at lines 633--634

 []

<Num_CSD_loci/centro_group_d3r80_degree2.pdf, id=806, 1156.32pt x 578.16pt>
File: Num_CSD_loci/centro_group_d3r80_degree2.pdf Graphic file (type pdf)

<use Num_CSD_loci/centro_group_d3r80_degree2.pdf>
Package pdftex.def Info: Num_CSD_loci/centro_group_d3r80_degree2.pdf used on in
put line 638.
(pdftex.def)             Requested size: 483.69687pt x 241.8463pt.

<Num_CSD_loci/centro_fam_d3r80_degree2.pdf, id=807, 1156.32pt x 578.16pt>
File: Num_CSD_loci/centro_fam_d3r80_degree2.pdf Graphic file (type pdf)

<use Num_CSD_loci/centro_fam_d3r80_degree2.pdf>
Package pdftex.def Info: Num_CSD_loci/centro_fam_d3r80_degree2.pdf used on inpu
t line 646.
(pdftex.def)             Requested size: 483.69687pt x 241.8463pt.


LaTeX Warning: `h' float specifier changed to `ht'.


LaTeX Warning: Reference `comp_centro' on page 29 undefined on input line 655.

[29

 <./Num_CSD_loci/centro_group_d3r80_degree2.pdf>]
<Num_CSD_loci/centro_group_fix_d3r80_range.pdf, id=824, 1156.32pt x 867.24pt>
File: Num_CSD_loci/centro_group_fix_d3r80_range.pdf Graphic file (type pdf)

<use Num_CSD_loci/centro_group_fix_d3r80_range.pdf>
Package pdftex.def Info: Num_CSD_loci/centro_group_fix_d3r80_range.pdf used on 
input line 659.
(pdftex.def)             Requested size: 483.69687pt x 362.76945pt.


LaTeX Warning: `h' float specifier changed to `ht'.

<Num_CSD_loci/centro_group_fix_d3r80_final.pdf, id=825, 1156.32pt x 722.7pt>
File: Num_CSD_loci/centro_group_fix_d3r80_final.pdf Graphic file (type pdf)

<use Num_CSD_loci/centro_group_fix_d3r80_final.pdf>
Package pdftex.def Info: Num_CSD_loci/centro_group_fix_d3r80_final.pdf used on 
input line 667.
(pdftex.def)             Requested size: 532.0695pt x 332.53426pt.

Overfull \hbox (48.37263pt too wide) in paragraph at lines 667--668
 [] 
 []


LaTeX Warning: `h' float specifier changed to `ht'.

[30 <./Num_CSD_loci/centro_fam_d3r80_degree2.pdf>] [31 <./Num_CSD_loci/centro_g
roup_fix_d3r80_range.pdf>] [32 <./Num_CSD_loci/centro_group_fix_d3r80_final.pdf
>]
Underfull \hbox (badness 10000) in paragraph at lines 677--678

 []


Underfull \hbox (badness 10000) in paragraph at lines 679--683

 []

<Num_CSD_loci/pooled_chr_centro_dist_win30.pdf, id=869, 867.24pt x 722.7pt>
File: Num_CSD_loci/pooled_chr_centro_dist_win30.pdf Graphic file (type pdf)

<use Num_CSD_loci/pooled_chr_centro_dist_win30.pdf>
Package pdftex.def Info: Num_CSD_loci/pooled_chr_centro_dist_win30.pdf used on 
input line 692.
(pdftex.def)             Requested size: 532.0695pt x 443.41576pt.

Overfull \hbox (48.37263pt too wide) in paragraph at lines 692--693
 [] 
 []


LaTeX Warning: `h' float specifier changed to `ht'.

<Num_CSD_loci/pooled_chrom_centrosize_50k_5M.pdf, id=870, 722.7pt x 722.7pt>
File: Num_CSD_loci/pooled_chrom_centrosize_50k_5M.pdf Graphic file (type pdf)

<use Num_CSD_loci/pooled_chrom_centrosize_50k_5M.pdf>
Package pdftex.def Info: Num_CSD_loci/pooled_chrom_centrosize_50k_5M.pdf used o
n input line 700.
(pdftex.def)             Requested size: 386.95897pt x 386.95496pt.


LaTeX Warning: `h' float specifier changed to `ht'.


Underfull \hbox (badness 10000) in paragraph at lines 706--707

 []


Underfull \hbox (badness 10000) in paragraph at lines 708--709

 []

[33

] [34 <./Num_CSD_loci/pooled_chr_centro_dist_win30.pdf>] [35 <./Num_CSD_loci/po
oled_chrom_centrosize_50k_5M.pdf>]
<Num_CSD_loci/cen_tel.pdf, id=905, 597.50786pt x 845.04686pt>
File: Num_CSD_loci/cen_tel.pdf Graphic file (type pdf)

<use Num_CSD_loci/cen_tel.pdf>
Package pdftex.def Info: Num_CSD_loci/cen_tel.pdf used on input line 716.
(pdftex.def)             Requested size: 241.84843pt x 342.0358pt.

<Num_CSD_loci/line_centro25_telo_chr_fam.pdf, id=906, 867.24pt x 722.7pt>
File: Num_CSD_loci/line_centro25_telo_chr_fam.pdf Graphic file (type pdf)

<use Num_CSD_loci/line_centro25_telo_chr_fam.pdf>
Package pdftex.def Info: Num_CSD_loci/line_centro25_telo_chr_fam.pdf used on in
put line 724.
(pdftex.def)             Requested size: 483.69687pt x 403.0882pt.


LaTeX Warning: `h' float specifier changed to `ht'.

<Num_CSD_loci/lm_centro25_telo_fam.pdf, id=907, 867.24pt x 722.7pt>
File: Num_CSD_loci/lm_centro25_telo_fam.pdf Graphic file (type pdf)

<use Num_CSD_loci/lm_centro25_telo_fam.pdf>
Package pdftex.def Info: Num_CSD_loci/lm_centro25_telo_fam.pdf used on input li
ne 732.
(pdftex.def)             Requested size: 483.69687pt x 403.0882pt.


LaTeX Warning: `h' float specifier changed to `ht'.

[36

 <./Num_CSD_loci/cen_tel.pdf>] [37 <./Num_CSD_loci/line_centro25_telo_chr_fam.p
df>] [38 <./Num_CSD_loci/lm_centro25_telo_fam.pdf>]
<Num_CSD_loci/Hist_25cen_het_chr.pdf, id=958, 582.175pt x 393.47pt>
File: Num_CSD_loci/Hist_25cen_het_chr.pdf Graphic file (type pdf)

<use Num_CSD_loci/Hist_25cen_het_chr.pdf>
Package pdftex.def Info: Num_CSD_loci/Hist_25cen_het_chr.pdf used on input line
 744.
(pdftex.def)             Requested size: 386.95897pt x 261.53418pt.

<Num_CSD_loci/Hist_25cen_het.pdf, id=959, 582.175pt x 393.47pt>
File: Num_CSD_loci/Hist_25cen_het.pdf Graphic file (type pdf)

<use Num_CSD_loci/Hist_25cen_het.pdf>
Package pdftex.def Info: Num_CSD_loci/Hist_25cen_het.pdf used on input line 752
.
(pdftex.def)             Requested size: 483.69687pt x 326.91621pt.


LaTeX Warning: `h' float specifier changed to `ht'.

[39

 <./Num_CSD_loci/Hist_25cen_het_chr.pdf>] [40 <./Num_CSD_loci/Hist_25cen_het.pd
f>]
Chapter 8.
<M-F_Fst/haplo_avg_all_Fst.pdf, id=982, 680.5425pt x 465.74pt>
File: M-F_Fst/haplo_avg_all_Fst.pdf Graphic file (type pdf)

<use M-F_Fst/haplo_avg_all_Fst.pdf>
Package pdftex.def Info: M-F_Fst/haplo_avg_all_Fst.pdf used on input line 768.
(pdftex.def)             Requested size: 386.95897pt x 264.82074pt.

<M-F_Fst/haplo_Fst_per_fam.pdf, id=983, 752.8125pt x 610.28pt>
File: M-F_Fst/haplo_Fst_per_fam.pdf Graphic file (type pdf)

<use M-F_Fst/haplo_Fst_per_fam.pdf>
Package pdftex.def Info: M-F_Fst/haplo_Fst_per_fam.pdf used on input line 776.
(pdftex.def)             Requested size: 483.69687pt x 392.12367pt.


LaTeX Warning: `h' float specifier changed to `ht'.

[41

 <./M-F_Fst/haplo_avg_all_Fst.pdf>] [42 <./M-F_Fst/haplo_Fst_per_fam.pdf>]
Chapter 9.

Underfull \hbox (badness 10000) in paragraph at lines 791--792

 []

[43

]
<association_mapping/naive_case_control_grouped.pdf, id=1013, 1228.59pt x 361.3
5pt>
File: association_mapping/naive_case_control_grouped.pdf Graphic file (type pdf
)
 <use association_mapping/naive_case_control_grouped.pdf>
Package pdftex.def Info: association_mapping/naive_case_control_grouped.pdf use
d on input line 835.
(pdftex.def)             Requested size: 483.69687pt x 142.26578pt.

<association_mapping/fisher_no_corr.pdf, id=1017, 722.7pt x 361.35pt>
File: association_mapping/fisher_no_corr.pdf Graphic file (type pdf)

<use association_mapping/fisher_no_corr.pdf>
Package pdftex.def Info: association_mapping/fisher_no_corr.pdf used on input l
ine 848.
(pdftex.def)             Requested size: 483.69687pt x 241.84961pt.


LaTeX Warning: `h' float specifier changed to `ht'.

<association_mapping/fisher_BH.pdf, id=1018, 722.7pt x 578.16pt>
File: association_mapping/fisher_BH.pdf Graphic file (type pdf)

<use association_mapping/fisher_BH.pdf>
Package pdftex.def Info: association_mapping/fisher_BH.pdf used on input line 8
56.
(pdftex.def)             Requested size: 483.69687pt x 386.95937pt.


LaTeX Warning: `h' float specifier changed to `ht'.

<association_mapping/fisher_bonferroni.pdf, id=1019, 722.7pt x 578.16pt>
File: association_mapping/fisher_bonferroni.pdf Graphic file (type pdf)

<use association_mapping/fisher_bonferroni.pdf>
Package pdftex.def Info: association_mapping/fisher_bonferroni.pdf used on inpu
t line 864.
(pdftex.def)             Requested size: 483.69687pt x 386.95937pt.


LaTeX Warning: `h' float specifier changed to `ht'.


Underfull \hbox (badness 10000) in paragraph at lines 881--882

 []

[44 <./association_mapping/naive_case_control_grouped.pdf>] [45 <./association_
mapping/fisher_no_corr.pdf>] [46 <./association_mapping/fisher_BH.pdf>]
[47 <./association_mapping/fisher_bonferroni.pdf>]
Chapter 10.

LaTeX Warning: Reference `cov_fam' on page 48 undefined on input line 899.

<coverage_analysis/cov_per_sample.pdf, id=1064, 505.89pt x 505.89pt>
File: coverage_analysis/cov_per_sample.pdf Graphic file (type pdf)

<use coverage_analysis/cov_per_sample.pdf>
Package pdftex.def Info: coverage_analysis/cov_per_sample.pdf used on input lin
e 903.
(pdftex.def)             Requested size: 338.58632pt x 338.58945pt.


LaTeX Warning: `h' float specifier changed to `ht'.


Underfull \hbox (badness 10000) in paragraph at lines 909--910

 []

<coverage_analysis/sites_per_sample.pdf, id=1068, 505.89pt x 505.89pt>
File: coverage_analysis/sites_per_sample.pdf Graphic file (type pdf)

<use coverage_analysis/sites_per_sample.pdf>
Package pdftex.def Info: coverage_analysis/sites_per_sample.pdf used on input l
ine 919.
(pdftex.def)             Requested size: 338.58632pt x 338.58945pt.


LaTeX Warning: `h' float specifier changed to `ht'.

<coverage_analysis/reads_sample.pdf, id=1069, 505.89pt x 505.89pt>
File: coverage_analysis/reads_sample.pdf Graphic file (type pdf)

<use coverage_analysis/reads_sample.pdf>
Package pdftex.def Info: coverage_analysis/reads_sample.pdf used on input line 
928.
(pdftex.def)             Requested size: 338.58632pt x 338.58945pt.


LaTeX Warning: `h' float specifier changed to `ht'.

<coverage_analysis/coverage_1kbwin.pdf, id=1071, 578.16pt x 433.62pt>
File: coverage_analysis/coverage_1kbwin.pdf Graphic file (type pdf)

<use coverage_analysis/coverage_1kbwin.pdf>
Package pdftex.def Info: coverage_analysis/coverage_1kbwin.pdf used on input li
ne 942.
(pdftex.def)             Requested size: 483.69687pt x 362.76945pt.


LaTeX Warning: `h' float specifier changed to `ht'.


Underfull \hbox (badness 10000) in paragraph at lines 954--955

 []

[48

]
Underfull \hbox (badness 10000) in paragraph at lines 966--967

 []

[49 <./coverage_analysis/cov_per_sample.pdf>] [50 <./coverage_analysis/sites_pe
r_sample.pdf>] [51 <./coverage_analysis/reads_sample.pdf>] [52 <./coverage_anal
ysis/coverage_1kbwin.pdf>]
Chapter 11.

Underfull \hbox (badness 10000) in paragraph at lines 972--975

 []

<add_samples/off_comp.pdf, id=1126, 569.12625pt x 301.125pt>
File: add_samples/off_comp.pdf Graphic file (type pdf)

<use add_samples/off_comp.pdf>
Package pdftex.def Info: add_samples/off_comp.pdf used on input line 985.
(pdftex.def)             Requested size: 483.69687pt x 255.93446pt.


LaTeX Warning: `h' float specifier changed to `ht'.

<add_samples/library_depth.pdf, id=1130, 505.89pt x 433.62pt>
File: add_samples/library_depth.pdf Graphic file (type pdf)

<use add_samples/library_depth.pdf>
Package pdftex.def Info: add_samples/library_depth.pdf used on input line 998.
(pdftex.def)             Requested size: 483.69687pt x 414.60312pt.


LaTeX Warning: `h' float specifier changed to `ht'.

<add_samples/cov_per_site.pdf, id=1131, 722.7pt x 433.62pt>
File: add_samples/cov_per_site.pdf Graphic file (type pdf)

<use add_samples/cov_per_site.pdf>
Package pdftex.def Info: add_samples/cov_per_site.pdf used on input line 1006.
(pdftex.def)             Requested size: 483.69687pt x 290.21953pt.


LaTeX Warning: `h' float specifier changed to `ht'.

<add_samples/library_sites.pdf, id=1132, 569.12625pt x 301.125pt>
File: add_samples/library_sites.pdf Graphic file (type pdf)

<use add_samples/library_sites.pdf>
Package pdftex.def Info: add_samples/library_sites.pdf used on input line 1014.

(pdftex.def)             Requested size: 483.69687pt x 255.93446pt.


LaTeX Warning: `h' float specifier changed to `ht'.

[53

] [54 <./add_samples/off_comp.pdf>] [55 <./add_samples/library_depth.pdf>]
[56 <./add_samples/cov_per_site.pdf> <./add_samples/library_sites.pdf>]
Chapter 12.
<reorg/pipeline_reorg.pdf, id=1179, 1391.16393pt x 525.53334pt>
File: reorg/pipeline_reorg.pdf Graphic file (type pdf)

<use reorg/pipeline_reorg.pdf>
Package pdftex.def Info: reorg/pipeline_reorg.pdf used on input line 1033.
(pdftex.def)             Requested size: 483.69687pt x 182.72054pt.
 [57


] [58 <./reorg/pipeline_reorg.pdf>]
Chapter 13.
<final_samples/hom_bg_popfam_d20_CD.pdf, id=1204, 505.89pt x 505.89pt>
File: final_samples/hom_bg_popfam_d20_CD.pdf Graphic file (type pdf)

<use final_samples/hom_bg_popfam_d20_CD.pdf>
Package pdftex.def Info: final_samples/hom_bg_popfam_d20_CD.pdf used on input l
ine 1060.
(pdftex.def)             Requested size: 483.69687pt x 483.70361pt.

<final_samples/hom_bg_popgroup_d20_CD.pdf, id=1206, 505.89pt x 505.89pt>
File: final_samples/hom_bg_popgroup_d20_CD.pdf Graphic file (type pdf)

<use final_samples/hom_bg_popgroup_d20_CD.pdf>
Package pdftex.def Info: final_samples/hom_bg_popgroup_d20_CD.pdf used on input
 line 1069.
(pdftex.def)             Requested size: 483.69687pt x 483.70361pt.

<final_samples/hom_Sex_popgroup_d20_D.pdf, id=1207, 505.89pt x 505.89pt>
File: final_samples/hom_Sex_popgroup_d20_D.pdf Graphic file (type pdf)

<use final_samples/hom_Sex_popgroup_d20_D.pdf>
Package pdftex.def Info: final_samples/hom_Sex_popgroup_d20_D.pdf used on input
 line 1095.
(pdftex.def)             Requested size: 483.69687pt x 483.70361pt.
 [59

] [60 <./final_samples/hom_bg_popfam_d20_CD.pdf>] [61 <./final_samples/hom_bg_p
opgroup_d20_CD.pdf>] [62 <./final_samples/hom_Sex_popgroup_d20_D.pdf>]
<final_samples/hom_Sex_popgroup_d20_C.pdf, id=1243, 505.89pt x 505.89pt>
File: final_samples/hom_Sex_popgroup_d20_C.pdf Graphic file (type pdf)

<use final_samples/hom_Sex_popgroup_d20_C.pdf>
Package pdftex.def Info: final_samples/hom_Sex_popgroup_d20_C.pdf used on input
 line 1111.
(pdftex.def)             Requested size: 483.69687pt x 483.70361pt.
 [63] [64 <./final_samples/hom_Sex_popgroup_d20_C.pdf>]
<final_samples/final_centro.pdf, id=1259, 1011.78pt x 722.7pt>
File: final_samples/final_centro.pdf Graphic file (type pdf)

<use final_samples/final_centro.pdf>
Package pdftex.def Info: final_samples/final_centro.pdf used on input line 1122
.
(pdftex.def)             Requested size: 483.69687pt x 345.5026pt.

<final_samples/case_control_BH_chromprop.pdf, id=1261, 867.24pt x 867.24pt>
File: final_samples/case_control_BH_chromprop.pdf Graphic file (type pdf)

<use final_samples/case_control_BH_chromprop.pdf>
Package pdftex.def Info: final_samples/case_control_BH_chromprop.pdf used on in
put line 1132.
(pdftex.def)             Requested size: 483.69687pt x 483.70584pt.


LaTeX Warning: `!h' float specifier changed to `!ht'.

[65 <./final_samples/final_centro.pdf>] [66 <./final_samples/case_control_BH_ch
romprop.pdf>]
Chapter 14.
<annotations/annot_visu.pdf, id=1290, 867.24pt x 361.35pt>
File: annotations/annot_visu.pdf Graphic file (type pdf)

<use annotations/annot_visu.pdf>
Package pdftex.def Info: annotations/annot_visu.pdf used on input line 1148.
(pdftex.def)             Requested size: 483.69687pt x 201.5441pt.

Overfull \hbox (14.18716pt too wide) in alignment at lines 1155--1155
 [] [] [] [] [] [] 
 []


Overfull \hbox (14.18716pt too wide) in alignment at lines 1155--1155
 [] [] [] [] [] [] 
 []


Overfull \hbox (14.18716pt too wide) in alignment at lines 1155--1155
 [] [] [] [] [] [] 
 []


Overfull \hbox (14.18716pt too wide) in alignment at lines 1155--1155
 [] [] [] [] [] [] 
 []

[67

 <./annotations/annot_visu.pdf>]
Overfull \hbox (14.18716pt too wide) in alignment at lines 1155--1155
 [] [] [] [] [] [] 
 []


Overfull \hbox (14.18716pt too wide) in alignment at lines 1155--1155
 [] [] [] [] [] [] 
 []


Overfull \hbox (14.18716pt too wide) in alignment at lines 1155--1155
 [] [] [] [] [] [] 
 []


Overfull \hbox (14.18716pt too wide) in alignment at lines 1155--1155
 [] [] [] [] [] [] 
 []

[68]
Overfull \hbox (14.18716pt too wide) in alignment at lines 1155--1155
 [] [] [] [] [] [] 
 []


Overfull \hbox (38.30844pt too wide) in paragraph at lines 1172--1173
[][][][][][][][][][][][][][][][][][][][][][][][][][][][][][][][][][][][][] 
 []

[69]
<homology/LF_MCScanX_circle_3chr_makergenes.png, id=1316, 803.0pt x 803.0pt>
File: homology/LF_MCScanX_circle_3chr_makergenes.png Graphic file (type png)

<use homology/LF_MCScanX_circle_3chr_makergenes.png>
Package pdftex.def Info: homology/LF_MCScanX_circle_3chr_makergenes.png used on
 input line 1200.
(pdftex.def)             Requested size: 483.69687pt x 483.7029pt.


LaTeX Warning: `!h' float specifier changed to `!ht'.

<homology/LF_MCScanX_circle_all_makergenes.png, id=1317, 803.0pt x 803.0pt>
File: homology/LF_MCScanX_circle_all_makergenes.png Graphic file (type png)

<use homology/LF_MCScanX_circle_all_makergenes.png>
Package pdftex.def Info: homology/LF_MCScanX_circle_all_makergenes.png used on 
input line 1208.
(pdftex.def)             Requested size: 483.69687pt x 483.7029pt.


LaTeX Warning: `!h' float specifier changed to `!ht'.

[70] [71 <./homology/LF_MCScanX_circle_3chr_makergenes.png>] [72 <./homology/LF
_MCScanX_circle_all_makergenes.png>]
Underfull \hbox (badness 10000) in paragraph at lines 1244--1245

 []


Underfull \hbox (badness 10000) in paragraph at lines 1250--1251

 []

[73

]
Chapter 15.
[74

] [75]
Chapter 16.

LaTeX Warning: `h' float specifier changed to `ht'.

[76

] [77]
Chapter 17.
[78

]
Chapter 18.
[79

]
Chapter 19.
Package atveryend Info: Empty hook `BeforeClearDocument' on input line 1389.
[80

]
Package atveryend Info: Empty hook `AfterLastShipout' on input line 1389.
 (./lab_book.aux)
Package atveryend Info: Executing hook `AtVeryEndDocument' on input line 1389.
Package atveryend Info: Executing hook `AtEndAfterFileList' on input line 1389.

Package rerunfilecheck Info: File `lab_book.out' has not changed.
(rerunfilecheck)             Checksum: 91A260DD0DC5A0C325328A579AB7CD68;5411.


LaTeX Warning: There were undefined references.


LaTeX Warning: There were multiply-defined labels.

 ) 
Here is how much of TeX's memory you used:
 10554 strings out of 492995
 163858 string characters out of 6132705
 292723 words of memory out of 5000000
 13631 multiletter control sequences out of 15000+600000
 13069 words of font info for 50 fonts, out of 8000000 for 9000
 1141 hyphenation exceptions out of 8191
 40i,11n,46p,1113b,1236s stack positions out of 5000i,500n,10000p,200000b,80000s
pdfTeX warning (dest): name{Hfootnote.2} has been referenced but does not exi
st, replaced by a fixed one

pdfTeX warning (dest): name{Hfootnote.1} has been referenced but does not exist
, replaced by a fixed one

</usr/local/texlive/2017/texmf-dist/fonts/type1/public/amsfonts/cm/cmbx10.pfb><
/usr/local/texlive/2017/texmf-dist/fonts/type1/public/amsfonts/cm/cmbx12.pfb></
usr/local/texlive/2017/texmf-dist/fonts/type1/public/amsfonts/cm/cmmi10.pfb></u
sr/local/texlive/2017/texmf-dist/fonts/type1/public/amsfonts/cm/cmmi5.pfb></usr
/local/texlive/2017/texmf-dist/fonts/type1/public/amsfonts/cm/cmmi7.pfb></usr/l
ocal/texlive/2017/texmf-dist/fonts/type1/public/amsfonts/cm/cmr10.pfb></usr/loc
al/texlive/2017/texmf-dist/fonts/type1/public/amsfonts/cm/cmr12.pfb></usr/local
/texlive/2017/texmf-dist/fonts/type1/public/amsfonts/cm/cmr17.pfb></usr/local/t
exlive/2017/texmf-dist/fonts/type1/public/amsfonts/cm/cmr5.pfb></usr/local/texl
ive/2017/texmf-dist/fonts/type1/public/amsfonts/cm/cmr6.pfb></usr/local/texlive
/2017/texmf-dist/fonts/type1/public/amsfonts/cm/cmr7.pfb></usr/local/texlive/20
17/texmf-dist/fonts/type1/public/amsfonts/cm/cmr8.pfb></usr/local/texlive/2017/
texmf-dist/fonts/type1/public/amsfonts/cm/cmsy10.pfb></usr/local/texlive/2017/t
exmf-dist/fonts/type1/public/amsfonts/cm/cmsy7.pfb></usr/local/texlive/2017/tex
mf-dist/fonts/type1/public/amsfonts/cm/cmti10.pfb>
Output written on lab_book.pdf (81 pages, 3614992 bytes).
PDF statistics:
 1495 PDF objects out of 1728 (max. 8388607)
 1117 compressed objects within 12 object streams
 266 named destinations out of 1000 (max. 500000)
 905 words of extra memory for PDF output out of 10000 (max. 10000000)

