\BOOKMARK [0][-]{chapter.1}{Introduction}{}% 1
\BOOKMARK [0][-]{chapter.2}{Processing reads}{}% 2
\BOOKMARK [1][-]{section.2.1}{Quality control}{chapter.2}% 3
\BOOKMARK [1][-]{section.2.2}{Demultiplexing}{chapter.2}% 4
\BOOKMARK [1][-]{section.2.3}{Trimming adaptors}{chapter.2}% 5
\BOOKMARK [0][-]{chapter.3}{STACKS pipeline}{}% 6
\BOOKMARK [1][-]{section.3.1}{Mapping}{chapter.3}% 7
\BOOKMARK [2][-]{subsection.3.1.1}{BWA}{section.3.1}% 8
\BOOKMARK [2][-]{subsection.3.1.2}{Bowtie2}{section.3.1}% 9
\BOOKMARK [2][-]{subsection.3.1.3}{Mapping results}{section.3.1}% 10
\BOOKMARK [1][-]{section.3.2}{pstacks}{chapter.3}% 11
\BOOKMARK [2][-]{subsection.3.2.1}{pstacks results}{section.3.2}% 12
\BOOKMARK [1][-]{section.3.3}{cstacks}{chapter.3}% 13
\BOOKMARK [2][-]{subsection.3.3.1}{cstacks results}{section.3.3}% 14
\BOOKMARK [1][-]{section.3.4}{sstacks}{chapter.3}% 15
\BOOKMARK [1][-]{section.3.5}{populations}{chapter.3}% 16
\BOOKMARK [2][-]{subsection.3.5.1}{populations results}{section.3.5}% 17
\BOOKMARK [1][-]{section.3.6}{STACKS parameters summary}{chapter.3}% 18
\BOOKMARK [0][-]{chapter.4}{Excluding haploids}{}% 19
\BOOKMARK [0][-]{chapter.5}{Cleaning genomic data}{}% 20
\BOOKMARK [1][-]{section.5.1}{Improving ploidy separation metric}{chapter.5}% 21
\BOOKMARK [1][-]{section.5.2}{Loci with 3 or more haplotypes}{chapter.5}% 22
\BOOKMARK [1][-]{section.5.3}{No clear signal in whole population}{chapter.5}% 23
\BOOKMARK [2][-]{subsection.5.3.1}{Transmission bias}{section.5.3}% 24
\BOOKMARK [0][-]{chapter.6}{Association mapping}{}% 25
\BOOKMARK [1][-]{section.6.1}{Coarse analyses}{chapter.6}% 26
\BOOKMARK [1][-]{section.6.2}{Number of CSD loci}{chapter.6}% 27
\BOOKMARK [0][-]{chapter.7}{Male-Female Fst}{}% 28
\BOOKMARK [1][-]{section.7.1}{TO DO}{chapter.7}% 29
